0 info it worked if it ends with ok
1 verbose cli [ '/usr/local/Cellar/node/7.7.1/bin/node',
1 verbose cli   '/usr/local/bin/npm',
1 verbose cli   'publish' ]
2 info using npm@4.1.2
3 info using node@v7.7.1
4 verbose publish [ '.' ]
5 silly cache add args [ '.', null ]
6 verbose cache add spec .
7 silly cache add parsed spec Result {
7 silly cache add   raw: '.',
7 silly cache add   scope: null,
7 silly cache add   escapedName: null,
7 silly cache add   name: null,
7 silly cache add   rawSpec: '.',
7 silly cache add   spec: '/Users/krille/offlinecomponent',
7 silly cache add   type: 'directory' }
8 verbose addLocalDirectory /Users/krille/.npm/offline-component/1.1.0/package.tgz not in flight; packing
9 verbose correctMkdir /Users/krille/.npm correctMkdir not in flight; initializing
10 warn prepublish-on-install As of npm@5, `prepublish` scripts will run only for `npm publish`.
11 warn prepublish-on-install (In npm@4 and previous versions, it also runs for `npm install`.)
12 warn prepublish-on-install See the deprecation note in `npm help scripts` for more information.
13 info lifecycle offline-component@1.1.0~prepublish: offline-component@1.1.0
14 verbose lifecycle offline-component@1.1.0~prepublish: unsafe-perm in lifecycle true
15 verbose lifecycle offline-component@1.1.0~prepublish: PATH: /usr/local/lib/node_modules/npm/bin/node-gyp-bin:/Users/krille/offlinecomponent/node_modules/.bin:/Users/krille/.rvm/gems/ruby-2.4.1/bin:/Users/krille/.rvm/gems/ruby-2.4.1@global/bin:/Users/krille/.rvm/rubies/ruby-2.4.1/bin:/Library/Frameworks/Python.framework/Versions/3.6/bin:/usr/local/bin:/usr/bin:/bin:/usr/sbin:/sbin:/usr/local/share/dotnet:/Library/Frameworks/Mono.framework/Versions/Current/Commands:/Users/krille/.rvm/bin
16 verbose lifecycle offline-component@1.1.0~prepublish: CWD: /Users/krille/offlinecomponent
17 silly lifecycle offline-component@1.1.0~prepublish: Args: [ '-c', 'npm run build' ]
18 silly lifecycle offline-component@1.1.0~prepublish: Returned: code: 0  signal: null
19 info lifecycle offline-component@1.1.0~prepare: offline-component@1.1.0
20 silly lifecycle offline-component@1.1.0~prepare: no script for prepare, continuing
21 verbose tar pack [ '/Users/krille/.npm/offline-component/1.1.0/package.tgz',
21 verbose tar pack   '/Users/krille/offlinecomponent' ]
22 verbose tarball /Users/krille/.npm/offline-component/1.1.0/package.tgz
23 verbose folder /Users/krille/offlinecomponent
24 verbose addLocalTarball adding from inside cache /Users/krille/.npm/offline-component/1.1.0/package.tgz
25 verbose correctMkdir /Users/krille/.npm correctMkdir not in flight; initializing
26 silly cache afterAdd offline-component@1.1.0
27 verbose afterAdd /Users/krille/.npm/offline-component/1.1.0/package/package.json not in flight; writing
28 verbose correctMkdir /Users/krille/.npm correctMkdir not in flight; initializing
29 verbose afterAdd /Users/krille/.npm/offline-component/1.1.0/package/package.json written
30 silly publish { name: 'offline-component',
30 silly publish   version: '1.1.0',
30 silly publish   description: 'This is a simple React component wrapper that allows you to specify a component that will be shown if the application loses network connection. It makes an AJAX request for the favicon to determine your connection.',
30 silly publish   main: 'dist/index.js',
30 silly publish   scripts: { build: 'webpack', prepublish: 'npm run build' },
30 silly publish   author: '',
30 silly publish   license: 'ISC',
30 silly publish   devDependencies:
30 silly publish    { 'clean-webpack-plugin': '^0.1.16',
30 silly publish      'css-loader': '^0.28.4',
30 silly publish      'file-loader': '^0.11.2',
30 silly publish      'html-webpack-plugin': '^2.30.1',
30 silly publish      'style-loader': '^0.18.2',
30 silly publish      'babel-core': '^6.25.0',
30 silly publish      'babel-loader': '^7.1.1',
30 silly publish      'babel-preset-es2015': '^6.24.1',
30 silly publish      'babel-preset-react': '^6.24.1' },
30 silly publish   dependencies: { react: '^15.6.1', 'react-dom': '^15.6.1', webpack: '^3.5.1' },
30 silly publish   readme: 'This is a simple React component wrapper that allows you to specify a component that will be shown if the application loses network connection. It makes an AJAX request for the favicon to determine your connection.\n\nExample usage:\n\n```\nconst Offline = () => <p>Your connection is not stable, please try again later</p>;\n\nconst Header = () => (\n  <header>\n    <h1>Brand</h1>\n    <OfflineComponent interval={10000} offlineComponent={Offline}>\n      <p>Description text</p>\n    </OfflineComponent>\n  </header>\n)\n```\n\nThe interval prop specifies how often the favicon will be queried in milliseconds. If omitted, it detaults to 5000ms.\n',
30 silly publish   readmeFilename: 'README.md',
30 silly publish   gitHead: '7aa28e40c391cce520b636713fc3a0a6451352ba',
30 silly publish   _id: 'offline-component@1.1.0',
30 silly publish   _shasum: 'bfbcdfe62e6bee750ac0caaae0aa401830ad71b2',
30 silly publish   _from: '.' }
31 info lifecycle offline-component@1.1.0~prepublishOnly: offline-component@1.1.0
32 silly lifecycle offline-component@1.1.0~prepublishOnly: no script for prepublishOnly, continuing
33 verbose getPublishConfig undefined
34 silly mapToRegistry name offline-component
35 silly mapToRegistry using default registry
36 silly mapToRegistry registry https://registry.npmjs.org/
37 silly mapToRegistry data Result {
37 silly mapToRegistry   raw: 'offline-component',
37 silly mapToRegistry   scope: null,
37 silly mapToRegistry   escapedName: 'offline-component',
37 silly mapToRegistry   name: 'offline-component',
37 silly mapToRegistry   rawSpec: '',
37 silly mapToRegistry   spec: 'latest',
37 silly mapToRegistry   type: 'tag' }
38 silly mapToRegistry uri https://registry.npmjs.org/offline-component
39 verbose publish registryBase https://registry.npmjs.org/
40 silly publish uploading /Users/krille/.npm/offline-component/1.1.0/package.tgz
41 verbose request uri https://registry.npmjs.org/offline-component
42 verbose request sending authorization for write operation
43 info attempt registry request try #1 at 9:44:20 PM
44 verbose request using bearer token for auth
45 verbose request id 0a74c4803c679688
46 http request PUT https://registry.npmjs.org/offline-component
47 http 403 https://registry.npmjs.org/offline-component
48 verbose headers { 'content-type': 'application/json',
48 verbose headers   'cache-control': 'max-age=300',
48 verbose headers   'content-length': '91',
48 verbose headers   'accept-ranges': 'bytes',
48 verbose headers   date: 'Sat, 02 Sep 2017 19:44:21 GMT',
48 verbose headers   via: '1.1 varnish',
48 verbose headers   connection: 'keep-alive',
48 verbose headers   'x-served-by': 'cache-bma7023-BMA',
48 verbose headers   'x-cache': 'MISS',
48 verbose headers   'x-cache-hits': '0',
48 verbose headers   'x-timer': 'S1504381461.708123,VS0,VE1094',
48 verbose headers   vary: 'Accept-Encoding, Accept' }
49 verbose request invalidating /Users/krille/.npm/registry.npmjs.org/offline-component on PUT
50 error publish Failed PUT 403
51 verbose stack Error: You cannot publish over the previously published version 1.1.0. : offline-component
51 verbose stack     at makeError (/usr/local/lib/node_modules/npm/node_modules/npm-registry-client/lib/request.js:304:12)
51 verbose stack     at CachingRegistryClient.<anonymous> (/usr/local/lib/node_modules/npm/node_modules/npm-registry-client/lib/request.js:292:14)
51 verbose stack     at Request._callback (/usr/local/lib/node_modules/npm/node_modules/npm-registry-client/lib/request.js:212:14)
51 verbose stack     at Request.self.callback (/usr/local/lib/node_modules/npm/node_modules/request/request.js:186:22)
51 verbose stack     at emitTwo (events.js:106:13)
51 verbose stack     at Request.emit (events.js:194:7)
51 verbose stack     at Request.<anonymous> (/usr/local/lib/node_modules/npm/node_modules/request/request.js:1081:10)
51 verbose stack     at emitOne (events.js:96:13)
51 verbose stack     at Request.emit (events.js:191:7)
51 verbose stack     at IncomingMessage.<anonymous> (/usr/local/lib/node_modules/npm/node_modules/request/request.js:1001:12)
52 verbose statusCode 403
53 verbose pkgid offline-component
54 verbose cwd /Users/krille/offlinecomponent
55 error Darwin 16.4.0
56 error argv "/usr/local/Cellar/node/7.7.1/bin/node" "/usr/local/bin/npm" "publish"
57 error node v7.7.1
58 error npm  v4.1.2
59 error code E403
60 error You cannot publish over the previously published version 1.1.0. : offline-component
61 error If you need help, you may report this error at:
61 error     <https://github.com/npm/npm/issues>
62 verbose exit [ 1, true ]
